# JRE version: OpenJDK Runtime Environment (11.0.5+10) (build 11.0.5+10-post-Ubuntu-0ubuntu1.118.04)
# Java VM: OpenJDK 64-Bit Server VM (11.0.5+10-post-Ubuntu-0ubuntu1.118.04, mixed mode, sharing, tiered, compressed oops, g1 gc, linux-amd64)
Heap:
 garbage-first heap   total 131072K, used 74591K [0x0000000083800000, 0x0000000100000000)
  region size 1024K, 68 young (69632K), 1 survivors (1024K)
 Metaspace       used 13525K, capacity 14224K, committed 14592K, reserved 1062912K
  class space    used 1446K, capacity 1684K, committed 1792K, reserved 1048576K
GC Heap History (20 events):
Event: 753,053 GC heap before
{Heap before GC invocations=18 (full 0):
 garbage-first heap   total 131072K, used 82715K [0x0000000083800000, 0x0000000100000000)
  region size 1024K, 75 young (76800K), 1 survivors (1024K)
 Metaspace       used 13115K, capacity 13743K, committed 13952K, reserved 1060864K
  class space    used 1441K, capacity 1652K, committed 1664K, reserved 1048576K
}
Event: 753,054 GC heap after
{Heap after GC invocations=19 (full 0):
 garbage-first heap   total 131072K, used 6973K [0x0000000083800000, 0x0000000100000000)
  region size 1024K, 1 young (1024K), 1 survivors (1024K)
 Metaspace       used 13115K, capacity 13743K, committed 13952K, reserved 1060864K
  class space    used 1441K, capacity 1652K, committed 1664K, reserved 1048576K
}
Event: 783,808 GC heap before
{Heap before GC invocations=19 (full 0):
 garbage-first heap   total 131072K, used 82749K [0x0000000083800000, 0x0000000100000000)
  region size 1024K, 75 young (76800K), 1 survivors (1024K)
 Metaspace       used 13165K, capacity 13807K, committed 13952K, reserved 1060864K
  class space    used 1442K, capacity 1652K, committed 1664K, reserved 1048576K
}
Event: 783,809 GC heap after
{Heap after GC invocations=20 (full 0):
 garbage-first heap   total 131072K, used 6958K [0x0000000083800000, 0x0000000100000000)
  region size 1024K, 1 young (1024K), 1 survivors (1024K)
 Metaspace       used 13165K, capacity 13807K, committed 13952K, reserved 1060864K
  class space    used 1442K, capacity 1652K, committed 1664K, reserved 1048576K
}
Event: 814,297 GC heap before
{Heap before GC invocations=20 (full 0):
 garbage-first heap   total 131072K, used 82734K [0x0000000083800000, 0x0000000100000000)
  region size 1024K, 75 young (76800K), 1 survivors (1024K)
 Metaspace       used 13241K, capacity 13871K, committed 13952K, reserved 1060864K
  class space    used 1443K, capacity 1652K, committed 1664K, reserved 1048576K
}
Event: 814,299 GC heap after
{Heap after GC invocations=21 (full 0):
 garbage-first heap   total 131072K, used 6982K [0x0000000083800000, 0x0000000100000000)
  region size 1024K, 1 young (1024K), 1 survivors (1024K)
 Metaspace       used 13241K, capacity 13871K, committed 13952K, reserved 1060864K
  class space    used 1443K, capacity 1652K, committed 1664K, reserved 1048576K
}
Event: 844,976 GC heap before
{Heap before GC invocations=21 (full 0):
 garbage-first heap   total 131072K, used 82758K [0x0000000083800000, 0x0000000100000000)
  region size 1024K, 75 young (76800K), 1 survivors (1024K)
 Metaspace       used 13291K, capacity 13935K, committed 13952K, reserved 1060864K
  class space    used 1443K, capacity 1652K, committed 1664K, reserved 1048576K
}
Event: 844,979 GC heap after
{Heap after GC invocations=22 (full 0):
 garbage-first heap   total 131072K, used 6982K [0x0000000083800000, 0x0000000100000000)
  region size 1024K, 1 young (1024K), 1 survivors (1024K)
 Metaspace       used 13291K, capacity 13935K, committed 13952K, reserved 1060864K
  class space    used 1443K, capacity 1652K, committed 1664K, reserved 1048576K
}
Event: 875,790 GC heap before
{Heap before GC invocations=22 (full 0):
 garbage-first heap   total 131072K, used 82758K [0x0000000083800000, 0x0000000100000000)
  region size 1024K, 75 young (76800K), 1 survivors (1024K)
 Metaspace       used 13297K, capacity 13936K, committed 13952K, reserved 1060864K
  class space    used 1443K, capacity 1652K, committed 1664K, reserved 1048576K
}
Event: 875,791 GC heap after
{Heap after GC invocations=23 (full 0):
 garbage-first heap   total 131072K, used 6988K [0x0000000083800000, 0x0000000100000000)
  region size 1024K, 1 young (1024K), 1 survivors (1024K)
 Metaspace       used 13297K, capacity 13936K, committed 13952K, reserved 1060864K
  class space    used 1443K, capacity 1652K, committed 1664K, reserved 1048576K
}
Event: 906,457 GC heap before
{Heap before GC invocations=23 (full 0):
 garbage-first heap   total 131072K, used 82764K [0x0000000083800000, 0x0000000100000000)
  region size 1024K, 75 young (76800K), 1 survivors (1024K)
 Metaspace       used 13348K, capacity 14000K, committed 14208K, reserved 1062912K
  class space    used 1444K, capacity 1652K, committed 1664K, reserved 1048576K
}
Event: 906,458 GC heap after
{Heap after GC invocations=24 (full 0):
 garbage-first heap   total 131072K, used 6940K [0x0000000083800000, 0x0000000100000000)
  region size 1024K, 1 young (1024K), 1 survivors (1024K)
 Metaspace       used 13348K, capacity 14000K, committed 14208K, reserved 1062912K
  class space    used 1444K, capacity 1652K, committed 1664K, reserved 1048576K
}
Event: 937,164 GC heap before
{Heap before GC invocations=24 (full 0):
 garbage-first heap   total 131072K, used 82716K [0x0000000083800000, 0x0000000100000000)
  region size 1024K, 75 young (76800K), 1 survivors (1024K)
 Metaspace       used 13402K, capacity 14064K, committed 14208K, reserved 1062912K
  class space    used 1445K, capacity 1652K, committed 1664K, reserved 1048576K
}
Event: 937,165 GC heap after
{Heap after GC invocations=25 (full 0):
 garbage-first heap   total 131072K, used 6990K [0x0000000083800000, 0x0000000100000000)
  region size 1024K, 1 young (1024K), 1 survivors (1024K)
 Metaspace       used 13402K, capacity 14064K, committed 14208K, reserved 1062912K
  class space    used 1445K, capacity 1652K, committed 1664K, reserved 1048576K
}
Event: 967,947 GC heap before
{Heap before GC invocations=25 (full 0):
 garbage-first heap   total 131072K, used 82766K [0x0000000083800000, 0x0000000100000000)
  region size 1024K, 75 young (76800K), 1 survivors (1024K)
 Metaspace       used 13403K, capacity 14064K, committed 14208K, reserved 1062912K
  class space    used 1445K, capacity 1652K, committed 1664K, reserved 1048576K
}
Event: 967,948 GC heap after
{Heap after GC invocations=26 (full 0):
 garbage-first heap   total 131072K, used 6943K [0x0000000083800000, 0x0000000100000000)
  region size 1024K, 1 young (1024K), 1 survivors (1024K)
 Metaspace       used 13403K, capacity 14064K, committed 14208K, reserved 1062912K
  class space    used 1445K, capacity 1652K, committed 1664K, reserved 1048576K
}
Event: 998,918 GC heap before
{Heap before GC invocations=26 (full 0):
 garbage-first heap   total 131072K, used 82719K [0x0000000083800000, 0x0000000100000000)
  region size 1024K, 75 young (76800K), 1 survivors (1024K)
 Metaspace       used 13403K, capacity 14064K, committed 14208K, reserved 1062912K
  class space    used 1445K, capacity 1652K, committed 1664K, reserved 1048576K
}
Event: 998,920 GC heap after
{Heap after GC invocations=27 (full 0):
 garbage-first heap   total 131072K, used 6996K [0x0000000083800000, 0x0000000100000000)
  region size 1024K, 1 young (1024K), 1 survivors (1024K)
 Metaspace       used 13403K, capacity 14064K, committed 14208K, reserved 1062912K
  class space    used 1445K, capacity 1652K, committed 1664K, reserved 1048576K
}
Event: 1029,719 GC heap before
{Heap before GC invocations=27 (full 0):
 garbage-first heap   total 131072K, used 82772K [0x0000000083800000, 0x0000000100000000)
  region size 1024K, 75 young (76800K), 1 survivors (1024K)
 Metaspace       used 13449K, capacity 14128K, committed 14208K, reserved 1062912K
  class space    used 1445K, capacity 1652K, committed 1664K, reserved 1048576K
}
Event: 1029,721 GC heap after
{Heap after GC invocations=28 (full 0):
 garbage-first heap   total 131072K, used 7007K [0x0000000083800000, 0x0000000100000000)
  region size 1024K, 1 young (1024K), 1 survivors (1024K)
 Metaspace       used 13449K, capacity 14128K, committed 14208K, reserved 1062912K
  class space    used 1445K, capacity 1652K, committed 1664K, reserved 1048576K
}

